INFO	2021-10-11 20:51:32,530	0	edu.epam.firsttask.operator.impl.OperatorImpl	[main]	Number of negative elements: 1
INFO	2021-10-11 20:51:32,534	4	edu.epam.firsttask.operator.impl.OperatorImpl	[main]	Number of positive elements: 4
INFO	2021-10-11 20:51:32,534	4	edu.epam.firsttask.operator.impl.OperatorImpl	[main]	The sum of elements is: 92002
INFO	2021-10-11 20:51:32,536	6	edu.epam.firsttask.operator.impl.OperatorImpl	[main]	The average number of elements is: 18400.4
INFO	2021-10-11 20:51:32,539	9	edu.epam.firsttask.operator.impl.OperatorImpl	[main]	The maximum value is: 1234
INFO	2021-10-11 20:51:32,540	10	edu.epam.firsttask.operator.impl.OperatorImpl	[main]	The maximum value is: 3000
INFO	2021-10-11 20:51:32,541	11	edu.epam.firsttask.operator.impl.OperatorImpl	[main]	The maximum value is: 500
INFO	2021-10-11 20:51:32,542	12	edu.epam.firsttask.operator.impl.OperatorImpl	[main]	The minimum value is: 1
INFO	2021-10-11 20:51:32,543	13	edu.epam.firsttask.operator.impl.OperatorImpl	[main]	The minimum value is: -2
INFO	2021-10-11 20:51:32,543	13	edu.epam.firsttask.operator.impl.OperatorImpl	[main]	The minimum value is: -2
INFO	2021-10-11 20:51:32,544	14	edu.epam.firsttask.operator.impl.OperatorImpl	[main]	Array after replacing negative elements: [12000, 2, 30000, 4, 50000]
INFO	2021-10-11 20:51:32,545	15	edu.epam.firsttask.operator.impl.OperatorImpl	[main]	The sum of elements is: 67
INFO	2021-10-11 20:51:32,548	18	edu.epam.firsttask.operator.impl.OperatorImpl	[main]	Number of negative elements (use IntStream): 1
INFO	2021-10-11 20:51:32,549	19	edu.epam.firsttask.operator.impl.OperatorImpl	[main]	Number of positive elements (use IntStream): 4
INFO	2021-10-11 20:51:32,551	21	edu.epam.firsttask.operator.impl.OperatorImpl	[main]	The average number of elements is (use IntStream): OptionalDouble[18400.4]
INFO	2021-10-11 20:51:32,552	22	edu.epam.firsttask.operator.impl.OperatorImpl	[main]	The minimum value is (use IntStream): OptionalInt[-2]
INFO	2021-10-11 20:51:32,553	23	edu.epam.firsttask.operator.impl.OperatorImpl	[main]	The minimum value is (use IntStream): OptionalInt[1]
INFO	2021-10-11 20:51:32,555	25	edu.epam.firsttask.operator.impl.OperatorImpl	[main]	Array after replacing negative elements (use IntStream): 12000 2 30000 4 50000 

INFO	2021-10-11 20:51:32,556	26	edu.epam.firsttask.operator.impl.OperatorImpl	[main]	The sum of elements is (use IntStream): 67
INFO	2021-10-11 20:51:32,562	32	edu.epam.firsttask.validation.impl.ValidatorImpl	[main]	123   56 4 8: true
INFO	2021-10-11 20:51:32,564	34	edu.epam.firsttask.validation.impl.ValidatorImpl	[main]	12n 14 34: false
INFO	2021-10-11 20:51:32,564	34	edu.epam.firsttask.validation.impl.ValidatorImpl	[main]	12, 140 34: false
INFO	2021-10-11 20:51:32,565	35	edu.epam.firsttask.validation.impl.ValidatorImpl	[main]	12 14 34: true
INFO	2021-10-11 20:51:32,567	37	edu.epam.firsttask.sorting.impl.SortingImpl	[main]	[2 -1 -3 4 -7 
]Selection Sorting array: [-7, -3, -1, 2, 4]
INFO	2021-10-11 20:51:32,568	38	edu.epam.firsttask.sorting.impl.SortingImpl	[main]	[2 -1 -3 4 -7 
]
Shell's sorting array: [-7, -3, -1, 2, 4]
INFO	2021-10-11 20:51:32,569	39	edu.epam.firsttask.sorting.impl.SortingImpl	[main]	[2 -1 -3 4 -7 
]
Array sorting by inserts: [-7, -3, -1, 2, 4]
